2014-11-09 7:15:13 - MOD: Modification Default
FILE: system/engine/action.php
REGEX: ~(require|include)(_once)?\(([^)]+)~
LINE: 58
FILE: system/engine/loader.php
REGEX: ~(require|include)(_once)?\(([^)]+)~
LINE: 20
LINE: 37
LINE: 54
LINE: 65
FILE: system/library/config.php
REGEX: ~(require|include)(_once)?\(([^)]+)~
LINE: 23
FILE: system/library/language.php
REGEX: ~(require|include)(_once)?\(([^)]+)~
LINE: 21
LINE: 27
----------------------------------------------------------------
MOD: Cart SMS for OpenCart by TOPefekt s.r.o.
FILE: admin/controller/common/header.php
CODE: public function index() {
LINE: 3
----------------------------------------------------------------
FILE: admin/view/template/common/menu.tpl
CODE: <li id="reports"><a class="parent"><i class="fa fa-bar-chart-o fa-fw"></i> <span><?php echo $text_reports; ?></span></a>
LINE: 156
----------------------------------------------------------------
FILE: admin/controller/common/menu.php
CODE: $data['zone'] = $this->url->link('localisation/zone', 'token=' . $this->session->data['token'], 'SSL');
LINE: 177
----------------------------------------------------------------
FILE: admin/view/template/sale/order_info.tpl
CODE: <div class="form-group">
                  <label class="col-sm-2 control-label" for="input-notify"><?php echo $entry_notify; ?></label>
                  <div class="col-sm-10">
                    <input type="checkbox" name="notify" value="1" id="input-notify" />
                  </div>
                </div>
LINE: 345
CODE: + '&notify=' + ($('input[name=\'notify\']').prop('checked') ? 1 : 0)
LINE: 852
----------------------------------------------------------------
FILE: admin/view/template/sale/return_form.tpl
CODE: <div class="form-group">
                <label class="col-sm-2 control-label" for="input-notify"><?php echo $entry_notify; ?></label>
                <div class="col-sm-10">
                  <input type="checkbox" name="notify" value="1" id="input-notify" />
                </div>
              </div>
LINE: 212
CODE: + '&notify=' + ($('input[name=\'notify\']').prop('checked') ? 1 : 0)
LINE: 311
----------------------------------------------------------------
FILE: admin/model/sale/return.php
CODE: if ($data['notify']) {
LINE: 172
----------------------------------------------------------------
FILE: catalog/controller/information/contact.php
CODE: $mail->send();
LINE: 19
----------------------------------------------------------------
FILE: catalog/controller/checkout/success.php
CODE: $this->cart->clear();
LINE: 7
----------------------------------------------------------------
FILE: catalog/controller/module/bestseller.php
CODE: if ($result['image']) {
LINE: 24
----------------------------------------------------------------
FILE: system/library/cart.php
CODE: $this->weight = $registry->get('weight');
LINE: 13
CODE: public function clear() {
LINE: 331
CODE: $this->session->data['cart'][$key] += (int)$qty;
LINE: 310
CODE: unset($this->session->data['cart'][$key]);
LINE: 332
CODE: public function update($key, $qty) {
LINE: 319
----------------------------------------------------------------
